[18:40:37] [Client thread/INFO]: Setting user: Player638
[18:40:41] [Client thread/INFO]: LWJGL Version: 2.9.2
[18:40:44] [Client thread/INFO]: Reloading ResourceManager: Default, FMLFileResourcePack:Forge Mod Loader, FMLFileResourcePack:Minecraft Forge, FMLFileResourcePack:Not Enough Items Mod
[18:40:44] [Sound Library Loader/INFO]: Starting up SoundSystem...
[18:40:45] [Thread-7/INFO]: Initializing LWJGL OpenAL
[18:40:45] [Thread-7/INFO]: (The LWJGL binding of OpenAL.  For more information, see http://www.lwjgl.org)
[18:40:45] [Thread-7/INFO]: OpenAL initialized.
[18:40:45] [Sound Library Loader/INFO]: Sound engine started
[18:40:48] [Client thread/INFO]: Created: 512x512 textures-atlas
[18:40:49] [Client thread/INFO]: Reloading ResourceManager: Default, FMLFileResourcePack:Forge Mod Loader, FMLFileResourcePack:Minecraft Forge, FMLFileResourcePack:Not Enough Items Mod
[18:40:49] [Client thread/INFO]: SoundSystem shutting down...
[18:40:49] [Client thread/WARN]: Author: Paul Lamb, www.paulscode.com
[18:40:49] [Sound Library Loader/INFO]: Starting up SoundSystem...
[18:40:49] [Thread-9/INFO]: Initializing LWJGL OpenAL
[18:40:49] [Thread-9/INFO]: (The LWJGL binding of OpenAL.  For more information, see http://www.lwjgl.org)
[18:40:49] [Thread-9/INFO]: OpenAL initialized.
[18:40:50] [Sound Library Loader/INFO]: Sound engine started
[18:40:51] [Client thread/INFO]: Created: 512x512 textures-atlas
[18:41:29] [Server thread/INFO]: Starting integrated minecraft server version 1.8
[18:41:29] [Server thread/INFO]: Generating keypair
[18:41:30] [Server thread/INFO]: Preparing start region for level 0
[18:41:31] [Server thread/INFO]: Changing view distance to 12, from 10
[18:41:31] [Server thread/INFO]: Player638[local:E:cc5751ba] logged in with entity id 299 at (146.8724942795308, 77.0, 185.087670335972)
[18:41:31] [Server thread/INFO]: Player638 joined the game
[18:41:35] [Server thread/WARN]: Can't keep up! Did the system time change, or is the server overloaded? Running 2331ms behind, skipping 46 tick(s)
[18:41:37] [Server thread/INFO]: Player638 has just earned the achievement [Taking Inventory]
[18:41:37] [Client thread/INFO]: [CHAT] Player638 has just earned the achievement [Taking Inventory]
[18:41:49] [Client thread/INFO]: [CHAT] minecraft:ender_chest, minecraft:ender_eye, minecraft:ender_pearl
[18:41:51] [Client thread/INFO]: [CHAT] minecraft:ender_chest, minecraft:ender_eye, minecraft:ender_pearl
[18:41:51] [Client thread/INFO]: [CHAT] minecraft:ender_chest, minecraft:ender_eye, minecraft:ender_pearl
[18:41:53] [Server thread/INFO]: [Player638: Given [Ender Pearl] * 1 to Player638]
[18:41:53] [Client thread/INFO]: [CHAT] Given [Ender Pearl] * 1 to Player638
